# JRE version: OpenJDK Runtime Environment Temurin-21.0.5+11 (21.0.5+11) (build 21.0.5+11-LTS)
# Java VM: OpenJDK 64-Bit Server VM Temurin-21.0.5+11 (21.0.5+11-LTS, mixed mode, sharing, tiered, compressed oops, compressed class ptrs, parallel gc, windows-amd64)
GC Precious Log:
 CardTable entry size: 512
 CPUs: 8 total, 8 available
 Memory: 8035M
 Large Page Support: Disabled
 NUMA Support: Disabled
 Compressed Oops: Enabled (32-bit)
 Alignments: Space 512K, Generation 512K, Heap 2M
 Heap Min Capacity: 100M
 Heap Initial Capacity: 100M
 Heap Max Capacity: 1G
 Pre-touch: Disabled
 Parallel Workers: 8
Heap:
 PSYoungGen      total 28672K, used 17319K [0x00000000eab00000, 0x00000000ecd00000, 0x0000000100000000)
  eden space 25088K, 65% used [0x00000000eab00000,0x00000000ebb29690,0x00000000ec380000)
  from space 3584K, 21% used [0x00000000ec680000,0x00000000ec7405b0,0x00000000eca00000)
  to   space 1536K, 0% used [0x00000000ecb80000,0x00000000ecb80000,0x00000000ecd00000)
 ParOldGen       total 497152K, used 479805K [0x00000000c0000000, 0x00000000de580000, 0x00000000eab00000)
  object space 497152K, 96% used [0x00000000c0000000,0x00000000dd48f630,0x00000000de580000)
 Metaspace       used 76346K, committed 78080K, reserved 1179648K
  class space    used 7782K, committed 8576K, reserved 1048576K
GC Heap History (20 events):
Event: 125.344 GC heap before
{Heap before GC invocations=1297 (full 3):
 PSYoungGen      total 28160K, used 28064K [0x00000000eab00000, 0x00000000ecf00000, 0x0000000100000000)
  eden space 24576K, 100% used [0x00000000eab00000,0x00000000ec300000,0x00000000ec300000)
  from space 3584K, 97% used [0x00000000ec300000,0x00000000ec668000,0x00000000ec680000)
  to   space 3584K, 0% used [0x00000000ecb80000,0x00000000ecb80000,0x00000000ecf00000)
 ParOldGen       total 497152K, used 463848K [0x00000000c0000000, 0x00000000de580000, 0x00000000eab00000)
  object space 497152K, 93% used [0x00000000c0000000,0x00000000dc4fa160,0x00000000de580000)
 Metaspace       used 69812K, committed 71296K, reserved 1114112K
  class space    used 7127K, committed 7808K, reserved 1048576K
}
Event: 125.354 GC heap after
{Heap after GC invocations=1297 (full 3):
 PSYoungGen      total 30720K, used 544K [0x00000000eab00000, 0x00000000ecc80000, 0x0000000100000000)
  eden space 29696K, 0% used [0x00000000eab00000,0x00000000eab00000,0x00000000ec800000)
  from space 1024K, 53% used [0x00000000ecb80000,0x00000000ecc08000,0x00000000ecc80000)
  to   space 2048K, 0% used [0x00000000ec880000,0x00000000ec880000,0x00000000eca80000)
 ParOldGen       total 497152K, used 467269K [0x00000000c0000000, 0x00000000de580000, 0x00000000eab00000)
  object space 497152K, 93% used [0x00000000c0000000,0x00000000dc8514b8,0x00000000de580000)
 Metaspace       used 69812K, committed 71296K, reserved 1114112K
  class space    used 7127K, committed 7808K, reserved 1048576K
}
Event: 125.431 GC heap before
{Heap before GC invocations=1298 (full 3):
 PSYoungGen      total 30720K, used 30240K [0x00000000eab00000, 0x00000000ecc80000, 0x0000000100000000)
  eden space 29696K, 100% used [0x00000000eab00000,0x00000000ec800000,0x00000000ec800000)
  from space 1024K, 53% used [0x00000000ecb80000,0x00000000ecc08000,0x00000000ecc80000)
  to   space 2048K, 0% used [0x00000000ec880000,0x00000000ec880000,0x00000000eca80000)
 ParOldGen       total 497152K, used 467269K [0x00000000c0000000, 0x00000000de580000, 0x00000000eab00000)
  object space 497152K, 93% used [0x00000000c0000000,0x00000000dc8514b8,0x00000000de580000)
 Metaspace       used 69818K, committed 71296K, reserved 1114112K
  class space    used 7127K, committed 7808K, reserved 1048576K
}
Event: 125.436 GC heap after
{Heap after GC invocations=1298 (full 3):
 PSYoungGen      total 31232K, used 288K [0x00000000eab00000, 0x00000000ecc00000, 0x0000000100000000)
  eden space 29184K, 0% used [0x00000000eab00000,0x00000000eab00000,0x00000000ec780000)
  from space 2048K, 14% used [0x00000000ec880000,0x00000000ec8c8000,0x00000000eca80000)
  to   space 1024K, 0% used [0x00000000ecb00000,0x00000000ecb00000,0x00000000ecc00000)
 ParOldGen       total 497152K, used 467629K [0x00000000c0000000, 0x00000000de580000, 0x00000000eab00000)
  object space 497152K, 94% used [0x00000000c0000000,0x00000000dc8ab4b8,0x00000000de580000)
 Metaspace       used 69818K, committed 71296K, reserved 1114112K
  class space    used 7127K, committed 7808K, reserved 1048576K
}
Event: 125.491 GC heap before
{Heap before GC invocations=1299 (full 3):
 PSYoungGen      total 31232K, used 29472K [0x00000000eab00000, 0x00000000ecc00000, 0x0000000100000000)
  eden space 29184K, 100% used [0x00000000eab00000,0x00000000ec780000,0x00000000ec780000)
  from space 2048K, 14% used [0x00000000ec880000,0x00000000ec8c8000,0x00000000eca80000)
  to   space 1024K, 0% used [0x00000000ecb00000,0x00000000ecb00000,0x00000000ecc00000)
 ParOldGen       total 497152K, used 467629K [0x00000000c0000000, 0x00000000de580000, 0x00000000eab00000)
  object space 497152K, 94% used [0x00000000c0000000,0x00000000dc8ab4b8,0x00000000de580000)
 Metaspace       used 69822K, committed 71296K, reserved 1114112K
  class space    used 7127K, committed 7808K, reserved 1048576K
}
Event: 125.495 GC heap after
{Heap after GC invocations=1299 (full 3):
 PSYoungGen      total 29184K, used 352K [0x00000000eab00000, 0x00000000ecb80000, 0x0000000100000000)
  eden space 28672K, 0% used [0x00000000eab00000,0x00000000eab00000,0x00000000ec700000)
  from space 512K, 68% used [0x00000000ecb00000,0x00000000ecb58000,0x00000000ecb80000)
  to   space 512K, 0% used [0x00000000eca80000,0x00000000eca80000,0x00000000ecb00000)
 ParOldGen       total 497152K, used 467781K [0x00000000c0000000, 0x00000000de580000, 0x00000000eab00000)
  object space 497152K, 94% used [0x00000000c0000000,0x00000000dc8d14b8,0x00000000de580000)
 Metaspace       used 69822K, committed 71296K, reserved 1114112K
  class space    used 7127K, committed 7808K, reserved 1048576K
}
Event: 125.544 GC heap before
{Heap before GC invocations=1300 (full 3):
 PSYoungGen      total 29184K, used 29024K [0x00000000eab00000, 0x00000000ecb80000, 0x0000000100000000)
  eden space 28672K, 100% used [0x00000000eab00000,0x00000000ec700000,0x00000000ec700000)
  from space 512K, 68% used [0x00000000ecb00000,0x00000000ecb58000,0x00000000ecb80000)
  to   space 512K, 0% used [0x00000000eca80000,0x00000000eca80000,0x00000000ecb00000)
 ParOldGen       total 497152K, used 467781K [0x00000000c0000000, 0x00000000de580000, 0x00000000eab00000)
  object space 497152K, 94% used [0x00000000c0000000,0x00000000dc8d14b8,0x00000000de580000)
 Metaspace       used 69827K, committed 71296K, reserved 1114112K
  class space    used 7127K, committed 7808K, reserved 1048576K
}
Event: 125.547 GC heap after
{Heap after GC invocations=1300 (full 3):
 PSYoungGen      total 28672K, used 320K [0x00000000eab00000, 0x00000000ecb80000, 0x0000000100000000)
  eden space 28160K, 0% used [0x00000000eab00000,0x00000000eab00000,0x00000000ec680000)
  from space 512K, 62% used [0x00000000eca80000,0x00000000ecad0000,0x00000000ecb00000)
  to   space 512K, 0% used [0x00000000ecb00000,0x00000000ecb00000,0x00000000ecb80000)
 ParOldGen       total 497152K, used 467909K [0x00000000c0000000, 0x00000000de580000, 0x00000000eab00000)
  object space 497152K, 94% used [0x00000000c0000000,0x00000000dc8f14b8,0x00000000de580000)
 Metaspace       used 69827K, committed 71296K, reserved 1114112K
  class space    used 7127K, committed 7808K, reserved 1048576K
}
Event: 125.731 GC heap before
{Heap before GC invocations=1301 (full 3):
 PSYoungGen      total 28672K, used 28480K [0x00000000eab00000, 0x00000000ecb80000, 0x0000000100000000)
  eden space 28160K, 100% used [0x00000000eab00000,0x00000000ec680000,0x00000000ec680000)
  from space 512K, 62% used [0x00000000eca80000,0x00000000ecad0000,0x00000000ecb00000)
  to   space 512K, 0% used [0x00000000ecb00000,0x00000000ecb00000,0x00000000ecb80000)
 ParOldGen       total 497152K, used 467909K [0x00000000c0000000, 0x00000000de580000, 0x00000000eab00000)
  object space 497152K, 94% used [0x00000000c0000000,0x00000000dc8f14b8,0x00000000de580000)
 Metaspace       used 70091K, committed 71552K, reserved 1114112K
  class space    used 7161K, committed 7808K, reserved 1048576K
}
Event: 125.736 GC heap after
{Heap after GC invocations=1301 (full 3):
 PSYoungGen      total 28160K, used 500K [0x00000000eab00000, 0x00000000ecb80000, 0x0000000100000000)
  eden space 27648K, 0% used [0x00000000eab00000,0x00000000eab00000,0x00000000ec600000)
  from space 512K, 97% used [0x00000000ecb00000,0x00000000ecb7d200,0x00000000ecb80000)
  to   space 1536K, 0% used [0x00000000ec880000,0x00000000ec880000,0x00000000eca00000)
 ParOldGen       total 497152K, used 468466K [0x00000000c0000000, 0x00000000de580000, 0x00000000eab00000)
  object space 497152K, 94% used [0x00000000c0000000,0x00000000dc97c8c0,0x00000000de580000)
 Metaspace       used 70091K, committed 71552K, reserved 1114112K
  class space    used 7161K, committed 7808K, reserved 1048576K
}
Event: 126.279 GC heap before
{Heap before GC invocations=1302 (full 3):
 PSYoungGen      total 28160K, used 28148K [0x00000000eab00000, 0x00000000ecb80000, 0x0000000100000000)
  eden space 27648K, 100% used [0x00000000eab00000,0x00000000ec600000,0x00000000ec600000)
  from space 512K, 97% used [0x00000000ecb00000,0x00000000ecb7d200,0x00000000ecb80000)
  to   space 1536K, 0% used [0x00000000ec880000,0x00000000ec880000,0x00000000eca00000)
 ParOldGen       total 497152K, used 468466K [0x00000000c0000000, 0x00000000de580000, 0x00000000eab00000)
  object space 497152K, 94% used [0x00000000c0000000,0x00000000dc97c8c0,0x00000000de580000)
 Metaspace       used 71360K, committed 72832K, reserved 1114112K
  class space    used 7276K, committed 7936K, reserved 1048576K
}
Event: 126.287 GC heap after
{Heap after GC invocations=1302 (full 3):
 PSYoungGen      total 28672K, used 1529K [0x00000000eab00000, 0x00000000ece80000, 0x0000000100000000)
  eden space 27136K, 0% used [0x00000000eab00000,0x00000000eab00000,0x00000000ec580000)
  from space 1536K, 99% used [0x00000000ec880000,0x00000000ec9fe6c0,0x00000000eca00000)
  to   space 4608K, 0% used [0x00000000eca00000,0x00000000eca00000,0x00000000ece80000)
 ParOldGen       total 497152K, used 470710K [0x00000000c0000000, 0x00000000de580000, 0x00000000eab00000)
  object space 497152K, 94% used [0x00000000c0000000,0x00000000dcbad880,0x00000000de580000)
 Metaspace       used 71360K, committed 72832K, reserved 1114112K
  class space    used 7276K, committed 7936K, reserved 1048576K
}
Event: 126.910 GC heap before
{Heap before GC invocations=1303 (full 3):
 PSYoungGen      total 28672K, used 28665K [0x00000000eab00000, 0x00000000ece80000, 0x0000000100000000)
  eden space 27136K, 100% used [0x00000000eab00000,0x00000000ec580000,0x00000000ec580000)
  from space 1536K, 99% used [0x00000000ec880000,0x00000000ec9fe6c0,0x00000000eca00000)
  to   space 4608K, 0% used [0x00000000eca00000,0x00000000eca00000,0x00000000ece80000)
 ParOldGen       total 497152K, used 470710K [0x00000000c0000000, 0x00000000de580000, 0x00000000eab00000)
  object space 497152K, 94% used [0x00000000c0000000,0x00000000dcbad880,0x00000000de580000)
 Metaspace       used 72184K, committed 73664K, reserved 1179648K
  class space    used 7319K, committed 8000K, reserved 1048576K
}
Event: 126.923 GC heap after
{Heap after GC invocations=1303 (full 3):
 PSYoungGen      total 29696K, used 2759K [0x00000000eab00000, 0x00000000ecd00000, 0x0000000100000000)
  eden space 26624K, 0% used [0x00000000eab00000,0x00000000eab00000,0x00000000ec500000)
  from space 3072K, 89% used [0x00000000eca00000,0x00000000eccb1dd8,0x00000000ecd00000)
  to   space 3584K, 0% used [0x00000000ec600000,0x00000000ec600000,0x00000000ec980000)
 ParOldGen       total 497152K, used 472018K [0x00000000c0000000, 0x00000000de580000, 0x00000000eab00000)
  object space 497152K, 94% used [0x00000000c0000000,0x00000000dccf4aa8,0x00000000de580000)
 Metaspace       used 72184K, committed 73664K, reserved 1179648K
  class space    used 7319K, committed 8000K, reserved 1048576K
}
Event: 127.573 GC heap before
{Heap before GC invocations=1304 (full 3):
 PSYoungGen      total 29696K, used 29375K [0x00000000eab00000, 0x00000000ecd00000, 0x0000000100000000)
  eden space 26624K, 99% used [0x00000000eab00000,0x00000000ec4fe058,0x00000000ec500000)
  from space 3072K, 89% used [0x00000000eca00000,0x00000000eccb1dd8,0x00000000ecd00000)
  to   space 3584K, 0% used [0x00000000ec600000,0x00000000ec600000,0x00000000ec980000)
 ParOldGen       total 497152K, used 472018K [0x00000000c0000000, 0x00000000de580000, 0x00000000eab00000)
  object space 497152K, 94% used [0x00000000c0000000,0x00000000dccf4aa8,0x00000000de580000)
 Metaspace       used 73724K, committed 75328K, reserved 1179648K
  class space    used 7471K, committed 8192K, reserved 1048576K
}
Event: 127.583 GC heap after
{Heap after GC invocations=1304 (full 3):
 PSYoungGen      total 29696K, used 3559K [0x00000000eab00000, 0x00000000ed480000, 0x0000000100000000)
  eden space 26112K, 0% used [0x00000000eab00000,0x00000000eab00000,0x00000000ec480000)
  from space 3584K, 99% used [0x00000000ec600000,0x00000000ec979fc0,0x00000000ec980000)
  to   space 8192K, 0% used [0x00000000ecc80000,0x00000000ecc80000,0x00000000ed480000)
 ParOldGen       total 497152K, used 475702K [0x00000000c0000000, 0x00000000de580000, 0x00000000eab00000)
  object space 497152K, 95% used [0x00000000c0000000,0x00000000dd08d9d8,0x00000000de580000)
 Metaspace       used 73724K, committed 75328K, reserved 1179648K
  class space    used 7471K, committed 8192K, reserved 1048576K
}
Event: 128.429 GC heap before
{Heap before GC invocations=1305 (full 3):
 PSYoungGen      total 29696K, used 29671K [0x00000000eab00000, 0x00000000ed480000, 0x0000000100000000)
  eden space 26112K, 100% used [0x00000000eab00000,0x00000000ec480000,0x00000000ec480000)
  from space 3584K, 99% used [0x00000000ec600000,0x00000000ec979fc0,0x00000000ec980000)
  to   space 8192K, 0% used [0x00000000ecc80000,0x00000000ecc80000,0x00000000ed480000)
 ParOldGen       total 497152K, used 475702K [0x00000000c0000000, 0x00000000de580000, 0x00000000eab00000)
  object space 497152K, 95% used [0x00000000c0000000,0x00000000dd08d9d8,0x00000000de580000)
 Metaspace       used 75232K, committed 76928K, reserved 1179648K
  class space    used 7709K, committed 8448K, reserved 1048576K
}
Event: 128.437 GC heap after
{Heap after GC invocations=1305 (full 3):
 PSYoungGen      total 26624K, used 1008K [0x00000000eab00000, 0x00000000ecd80000, 0x0000000100000000)
  eden space 25600K, 0% used [0x00000000eab00000,0x00000000eab00000,0x00000000ec400000)
  from space 1024K, 98% used [0x00000000ecc80000,0x00000000ecd7c1f0,0x00000000ecd80000)
  to   space 3584K, 0% used [0x00000000ec680000,0x00000000ec680000,0x00000000eca00000)
 ParOldGen       total 497152K, used 478987K [0x00000000c0000000, 0x00000000de580000, 0x00000000eab00000)
  object space 497152K, 96% used [0x00000000c0000000,0x00000000dd3c2da0,0x00000000de580000)
 Metaspace       used 75232K, committed 76928K, reserved 1179648K
  class space    used 7709K, committed 8448K, reserved 1048576K
}
Event: 1692.193 GC heap before
{Heap before GC invocations=1306 (full 3):
 PSYoungGen      total 26624K, used 26608K [0x00000000eab00000, 0x00000000ecd80000, 0x0000000100000000)
  eden space 25600K, 100% used [0x00000000eab00000,0x00000000ec400000,0x00000000ec400000)
  from space 1024K, 98% used [0x00000000ecc80000,0x00000000ecd7c1f0,0x00000000ecd80000)
  to   space 3584K, 0% used [0x00000000ec680000,0x00000000ec680000,0x00000000eca00000)
 ParOldGen       total 497152K, used 478987K [0x00000000c0000000, 0x00000000de580000, 0x00000000eab00000)
  object space 497152K, 96% used [0x00000000c0000000,0x00000000dd3c2da0,0x00000000de580000)
 Metaspace       used 76058K, committed 77760K, reserved 1179648K
  class space    used 7781K, committed 8576K, reserved 1048576K
}
Event: 1692.507 GC heap after
{Heap after GC invocations=1306 (full 3):
 PSYoungGen      total 28672K, used 769K [0x00000000eab00000, 0x00000000ecd00000, 0x0000000100000000)
  eden space 25088K, 0% used [0x00000000eab00000,0x00000000eab00000,0x00000000ec380000)
  from space 3584K, 21% used [0x00000000ec680000,0x00000000ec7405b0,0x00000000eca00000)
  to   space 1536K, 0% used [0x00000000ecb80000,0x00000000ecb80000,0x00000000ecd00000)
 ParOldGen       total 497152K, used 479805K [0x00000000c0000000, 0x00000000de580000, 0x00000000eab00000)
  object space 497152K, 96% used [0x00000000c0000000,0x00000000dd48f630,0x00000000de580000)
 Metaspace       used 76058K, committed 77760K, reserved 1179648K
  class space    used 7781K, committed 8576K, reserved 1048576K
}

